TaurusMobile/app/build/outputs/logs/manifest-merger-debug-report.txt
-- Merging decision tree log ---
manifest
ADDED from AndroidManifest.xml:5:40
	package
		ADDED from AndroidManifest.xml:5:113
		INJECTED from AndroidManifest.xml:0:0
		INJECTED from AndroidManifest.xml:0:0
	android:versionName
		ADDED from AndroidManifest.xml:5:185
	android:versionCode
		ADDED from AndroidManifest.xml:5:157
		INJECTED from AndroidManifest.xml:0:0
		INJECTED from AndroidManifest.xml:0:0
	xmlns:android
		ADDED from AndroidManifest.xml:5:50
uses-sdk
ADDED from AndroidManifest.xml:9:217
MERGED from com.android.support:support-v4:22.2.1:20:5
	android:targetSdkVersion
		ADDED from AndroidManifest.xml:9:270
		INJECTED from AndroidManifest.xml:0:0
		INJECTED from AndroidManifest.xml:0:0
	android:minSdkVersion
		ADDED from AndroidManifest.xml:9:235
		INJECTED from AndroidManifest.xml:0:0
		INJECTED from AndroidManifest.xml:0:0
uses-permission#android.permission.INTERNET
ADDED from AndroidManifest.xml:11:308
	android:name
		ADDED from AndroidManifest.xml:11:325
uses-permission#android.permission.CAMERA
ADDED from AndroidManifest.xml:12:375
	android:name
		ADDED from AndroidManifest.xml:12:392
uses-permission#android.permission.BLUETOOTH
ADDED from AndroidManifest.xml:13:440
	android:name
		ADDED from AndroidManifest.xml:13:457
uses-permission#android.permission.BLUETOOTH_ADMIN
ADDED from AndroidManifest.xml:14:507
	android:name
		ADDED from AndroidManifest.xml:14:524
application
ADDED from AndroidManifest.xml:20:581
MERGED from com.android.support:support-v4:22.2.1:22:5
	android:label
		ADDED from AndroidManifest.xml:20:682
	android:allowBackup
		ADDED from AndroidManifest.xml:20:602
	android:icon
		ADDED from AndroidManifest.xml:20:637
	android:theme
		ADDED from AndroidManifest.xml:20:723
activity#jim.h.common.android.zxinglib.CaptureActivity
ADDED from AndroidManifest.xml:27:773
	android:screenOrientation
		ADDED from AndroidManifest.xml:27:931
	android:windowSoftInputMode
		ADDED from AndroidManifest.xml:27:1052
	android:configChanges
		ADDED from AndroidManifest.xml:27:868
	android:theme
		ADDED from AndroidManifest.xml:27:981
	android:name
		ADDED from AndroidManifest.xml:27:795
activity#br.com.prodap.taurusmobile.ui.LeitorQRCodeActivity
ADDED from AndroidManifest.xml:31:1120
	android:label
		ADDED from AndroidManifest.xml:31:1191
	android:name
		ADDED from AndroidManifest.xml:31:1142
intent-filter#android.intent.action.MAIN+android.intent.category.LAUNCHER
ADDED from AndroidManifest.xml:32:1237
action#android.intent.action.MAIN
ADDED from AndroidManifest.xml:33:1266
	android:name
		ADDED from AndroidManifest.xml:33:1274
category#android.intent.category.LAUNCHER
ADDED from AndroidManifest.xml:35:1336
	android:name
		ADDED from AndroidManifest.xml:35:1346
activity#br.com.prodap.taurusmobile.ui.ConfiguracoesQRCodeActivity
ADDED from AndroidManifest.xml:41:1463
	android:label
		ADDED from AndroidManifest.xml:41:1541
	android:name
		ADDED from AndroidManifest.xml:41:1485
activity#br.com.prodap.taurusmobile.ui.MenuPrincipalActivity
ADDED from AndroidManifest.xml:45:1614
	android:label
		ADDED from AndroidManifest.xml:45:1686
	android:name
		ADDED from AndroidManifest.xml:45:1636
activity#br.com.prodap.taurusmobile.ui.ListaAnimaisActivity
ADDED from AndroidManifest.xml:51:1774
	android:label
		ADDED from AndroidManifest.xml:51:1845
	android:name
		ADDED from AndroidManifest.xml:51:1796
activity#br.com.prodap.taurusmobile.ui.PartoActivity
ADDED from AndroidManifest.xml:55:1918
	android:label
		ADDED from AndroidManifest.xml:55:1982
	android:name
		ADDED from AndroidManifest.xml:55:1940
activity#br.com.prodap.taurusmobile.ui.ListaPartosCriaActivity
ADDED from AndroidManifest.xml:59:2047
	android:label
		ADDED from AndroidManifest.xml:59:2121
	android:name
		ADDED from AndroidManifest.xml:59:2069